TN:
SF:app.js
FNF:0
FNH:0
DA:1,2
DA:2,2
DA:3,2
DA:6,2
DA:7,2
DA:9,2
DA:10,2
DA:12,2
DA:14,2
DA:17,2
LF:10
LH:10
BRF:0
BRH:0
end_of_record
TN:
SF:controllers\attendanceController.js
FN:6,(anonymous_0)
FN:71,(anonymous_1)
FN:105,(anonymous_2)
FN:167,(anonymous_3)
FNF:4
FNH:4
FNDA:1,(anonymous_0)
FNDA:1,(anonymous_1)
FNDA:1,(anonymous_2)
FNDA:1,(anonymous_3)
DA:1,2
DA:2,2
DA:3,2
DA:7,1
DA:8,1
DA:9,1
DA:11,1
DA:12,0
DA:15,1
DA:16,1
DA:17,1
DA:19,1
DA:28,1
DA:29,0
DA:32,1
DA:42,1
DA:43,0
DA:44,0
DA:47,1
DA:48,1
DA:51,1
DA:52,1
DA:53,1
DA:57,1
DA:59,1
DA:65,1
DA:67,0
DA:72,1
DA:73,1
DA:74,1
DA:78,1
DA:79,0
DA:84,1
DA:86,1
DA:87,1
DA:92,0
DA:94,1
DA:97,1
DA:99,1
DA:101,0
DA:106,1
DA:107,1
DA:108,1
DA:110,1
DA:112,1
DA:113,0
DA:114,0
DA:115,0
DA:121,1
DA:122,0
DA:128,0
DA:129,0
DA:130,0
DA:136,1
DA:137,0
DA:143,0
DA:144,0
DA:145,0
DA:151,1
DA:161,1
DA:163,0
DA:168,1
DA:169,1
DA:170,1
DA:171,1
DA:173,1
DA:180,1
DA:181,0
DA:187,1
DA:188,1
DA:190,1
DA:192,0
DA:197,2
LF:73
LH:51
BRDA:11,0,0,0
BRDA:11,0,1,1
BRDA:28,1,0,0
BRDA:28,1,1,1
BRDA:42,2,0,0
BRDA:42,2,1,1
BRDA:57,3,0,0
BRDA:57,3,1,1
BRDA:78,4,0,0
BRDA:78,4,1,1
BRDA:87,5,0,0
BRDA:87,5,1,1
BRDA:88,6,0,1
BRDA:88,6,1,1
BRDA:88,6,2,1
BRDA:108,7,0,1
BRDA:112,8,0,0
BRDA:112,8,1,1
BRDA:121,9,0,0
BRDA:121,9,1,1
BRDA:123,10,0,0
BRDA:123,10,1,0
BRDA:136,11,0,0
BRDA:136,11,1,1
BRDA:138,12,0,0
BRDA:138,12,1,0
BRDA:180,13,0,0
BRDA:180,13,1,1
BRDA:180,14,0,1
BRDA:180,14,1,1
BRF:30
BRH:16
end_of_record
TN:
SF:controllers\leaveController.js
FN:5,(anonymous_0)
FN:25,(anonymous_1)
FN:55,(anonymous_2)
FN:73,(anonymous_3)
FNF:4
FNH:4
FNDA:1,(anonymous_0)
FNDA:1,(anonymous_1)
FNDA:1,(anonymous_2)
FNDA:1,(anonymous_3)
DA:1,2
DA:2,2
DA:6,1
DA:7,1
DA:8,1
DA:10,1
DA:19,1
DA:21,0
DA:26,1
DA:27,1
DA:29,1
DA:30,1
DA:31,0
DA:35,0
DA:41,1
DA:49,1
DA:51,0
DA:56,1
DA:57,1
DA:59,1
DA:67,1
DA:69,0
DA:74,1
DA:75,1
DA:76,1
DA:78,1
DA:79,1
DA:80,0
DA:83,1
DA:84,1
DA:86,1
DA:88,0
DA:93,2
LF:33
LH:26
BRDA:30,0,0,0
BRDA:30,0,1,1
BRDA:30,1,0,1
BRDA:30,1,1,0
BRDA:79,2,0,0
BRDA:79,2,1,1
BRF:6
BRH:3
end_of_record
TN:
SF:controllers\overtimeController.js
FN:5,(anonymous_0)
FN:24,(anonymous_1)
FN:55,(anonymous_2)
FN:70,(anonymous_3)
FNF:4
FNH:4
FNDA:1,(anonymous_0)
FNDA:1,(anonymous_1)
FNDA:1,(anonymous_2)
FNDA:1,(anonymous_3)
DA:1,2
DA:2,2
DA:6,1
DA:7,1
DA:8,1
DA:10,1
DA:18,1
DA:20,0
DA:25,1
DA:26,1
DA:28,1
DA:29,1
DA:30,0
DA:44,1
DA:49,1
DA:51,0
DA:56,1
DA:57,1
DA:59,1
DA:64,1
DA:66,0
DA:71,1
DA:72,1
DA:73,1
DA:75,1
DA:76,1
DA:77,0
DA:80,1
DA:81,1
DA:83,1
DA:85,0
DA:90,2
LF:32
LH:26
BRDA:29,0,0,0
BRDA:29,0,1,1
BRDA:29,1,0,1
BRDA:29,1,1,0
BRDA:76,2,0,0
BRDA:76,2,1,1
BRF:6
BRH:3
end_of_record
TN:
SF:controllers\userController.js
FN:7,(anonymous_0)
FN:16,(anonymous_1)
FN:33,(anonymous_2)
FN:60,(anonymous_3)
FN:80,(anonymous_4)
FNF:5
FNH:5
FNDA:2,(anonymous_0)
FNDA:2,(anonymous_1)
FNDA:1,(anonymous_2)
FNDA:1,(anonymous_3)
FNDA:1,(anonymous_4)
DA:1,2
DA:2,2
DA:3,2
DA:4,2
DA:8,2
DA:9,2
DA:10,1
DA:12,1
DA:17,2
DA:18,2
DA:19,2
DA:20,2
DA:22,2
DA:23,2
DA:24,2
DA:25,2
DA:26,1
DA:27,1
DA:29,1
DA:34,1
DA:35,1
DA:36,1
DA:38,1
DA:42,1
DA:43,0
DA:48,1
DA:54,1
DA:56,0
DA:61,1
DA:62,1
DA:63,1
DA:70,1
DA:71,0
DA:74,1
DA:76,0
DA:81,1
DA:82,1
DA:85,1
DA:115,1
DA:116,0
DA:120,1
DA:122,0
DA:123,0
DA:128,2
LF:44
LH:37
BRDA:19,0,0,0
BRDA:19,0,1,2
BRDA:20,1,0,0
BRDA:20,1,1,2
BRDA:23,2,0,0
BRDA:23,2,1,2
BRDA:25,3,0,1
BRDA:25,3,1,1
BRDA:42,4,0,0
BRDA:42,4,1,1
BRDA:70,5,0,0
BRDA:70,5,1,1
BRDA:115,6,0,0
BRDA:115,6,1,1
BRF:14
BRH:8
end_of_record
TN:
SF:helpers\bcrypt.js
FN:3,(anonymous_0)
FN:7,(anonymous_1)
FNF:2
FNH:2
FNDA:3,(anonymous_0)
FNDA:2,(anonymous_1)
DA:1,2
DA:3,2
DA:4,3
DA:7,2
DA:8,2
DA:11,2
LF:6
LH:6
BRF:0
BRH:0
end_of_record
TN:
SF:helpers\jwt.js
FN:3,(anonymous_0)
FN:7,(anonymous_1)
FNF:2
FNH:2
FNDA:4,(anonymous_0)
FNDA:20,(anonymous_1)
DA:1,2
DA:3,2
DA:4,4
DA:7,2
DA:8,20
DA:11,2
LF:6
LH:6
BRF:0
BRH:0
end_of_record
TN:
SF:middleware\authentication.js
FN:4,(anonymous_0)
FNF:1
FNH:1
FNDA:20,(anonymous_0)
DA:1,2
DA:2,2
DA:4,2
DA:5,20
DA:6,20
DA:8,20
DA:9,20
DA:11,20
DA:12,0
DA:14,20
DA:16,19
DA:17,18
DA:19,17
DA:20,17
DA:22,3
DA:26,2
LF:16
LH:15
BRDA:8,0,0,0
BRDA:8,0,1,20
BRDA:11,1,0,0
BRDA:11,1,1,20
BRDA:17,2,0,1
BRDA:17,2,1,17
BRF:6
BRH:4
end_of_record
TN:
SF:middleware\authorization.js
FN:1,(anonymous_0)
FNF:1
FNH:1
FNDA:5,(anonymous_0)
DA:1,2
DA:2,5
DA:3,5
DA:4,5
DA:7,0
DA:11,2
LF:6
LH:5
BRDA:3,0,0,5
BRDA:3,0,1,0
BRF:2
BRH:1
end_of_record
TN:
SF:middleware\errorhandler.js
FN:1,errorHandler
FNF:1
FNH:1
FNDA:5,errorHandler
DA:2,5
DA:3,5
DA:6,1
DA:7,1
DA:9,1
DA:10,1
DA:13,2
DA:16,3
DA:17,1
DA:21,2
LF:10
LH:10
BRDA:3,0,0,1
BRDA:3,0,1,1
BRDA:3,0,2,1
BRDA:3,0,3,1
BRDA:3,0,4,2
BRDA:3,0,5,3
BRF:6
BRH:6
end_of_record
TN:
SF:models\attendance.js
FN:3,(anonymous_0)
FN:10,(anonymous_1)
FNF:2
FNH:2
FNDA:2,(anonymous_0)
FNDA:2,(anonymous_1)
DA:2,2
DA:3,2
DA:12,2
DA:15,2
DA:33,2
LF:5
LH:5
BRF:0
BRH:0
end_of_record
TN:
SF:models\company.js
FN:3,(anonymous_0)
FN:10,(anonymous_1)
FNF:2
FNH:2
FNDA:2,(anonymous_0)
FNDA:2,(anonymous_1)
DA:2,2
DA:3,2
DA:12,2
DA:15,2
DA:29,2
LF:5
LH:5
BRF:0
BRH:0
end_of_record
TN:
SF:models\index.js
FN:21,(anonymous_0)
FN:29,(anonymous_1)
FN:34,(anonymous_2)
FNF:3
FNH:3
FNDA:14,(anonymous_0)
FNDA:12,(anonymous_1)
FNDA:12,(anonymous_2)
DA:3,2
DA:4,2
DA:5,2
DA:6,2
DA:7,2
DA:8,2
DA:9,2
DA:10,2
DA:13,2
DA:14,0
DA:16,2
DA:19,2
DA:22,14
DA:30,12
DA:31,12
DA:34,2
DA:35,12
DA:36,12
DA:40,2
DA:41,2
DA:43,2
LF:21
LH:20
BRDA:8,0,0,2
BRDA:8,0,1,0
BRDA:13,1,0,0
BRDA:13,1,1,2
BRDA:23,2,0,14
BRDA:23,2,1,14
BRDA:23,2,2,12
BRDA:23,2,3,12
BRDA:35,3,0,12
BRDA:35,3,1,0
BRF:10
BRH:7
end_of_record
TN:
SF:models\leave.js
FN:3,(anonymous_0)
FN:10,(anonymous_1)
FNF:2
FNH:2
FNDA:2,(anonymous_0)
FNDA:2,(anonymous_1)
DA:2,2
DA:3,2
DA:12,2
DA:16,2
DA:22,2
DA:70,2
LF:6
LH:6
BRF:0
BRH:0
end_of_record
TN:
SF:models\nationalholiday.js
FN:3,(anonymous_0)
FN:10,(anonymous_1)
FNF:2
FNH:2
FNDA:2,(anonymous_0)
FNDA:2,(anonymous_1)
DA:2,2
DA:3,2
DA:12,2
DA:15,2
DA:44,2
LF:5
LH:5
BRF:0
BRH:0
end_of_record
TN:
SF:models\overtime.js
FN:3,(anonymous_0)
FN:10,(anonymous_1)
FNF:2
FNH:2
FNDA:2,(anonymous_0)
FNDA:2,(anonymous_1)
DA:2,2
DA:3,2
DA:12,2
DA:15,2
DA:55,2
LF:5
LH:5
BRF:0
BRH:0
end_of_record
TN:
SF:models\user.js
FN:4,(anonymous_0)
FN:11,(anonymous_1)
FN:98,(anonymous_2)
FNF:3
FNH:3
FNDA:2,(anonymous_0)
FNDA:2,(anonymous_1)
FNDA:1,(anonymous_2)
DA:2,2
DA:3,2
DA:4,2
DA:13,2
DA:14,2
DA:15,2
DA:16,2
DA:17,2
DA:20,2
DA:98,2
DA:99,1
DA:101,2
LF:12
LH:12
BRF:0
BRH:0
end_of_record
TN:
SF:routers\attendanceRouter.js
FNF:0
FNH:0
DA:1,2
DA:2,2
DA:3,2
DA:4,2
DA:6,2
DA:7,2
DA:8,2
DA:9,2
DA:11,2
LF:9
LH:9
BRF:0
BRH:0
end_of_record
TN:
SF:routers\index.js
FN:11,(anonymous_0)
FNF:1
FNH:1
FNDA:1,(anonymous_0)
DA:1,2
DA:2,2
DA:3,2
DA:4,2
DA:5,2
DA:6,2
DA:7,2
DA:8,2
DA:9,2
DA:11,2
DA:12,1
DA:15,2
DA:17,2
DA:19,2
DA:21,2
DA:23,2
DA:25,2
DA:27,2
DA:29,2
LF:19
LH:19
BRF:0
BRH:0
end_of_record
TN:
SF:routers\leaveRouter.js
FNF:0
FNH:0
DA:1,2
DA:2,2
DA:3,2
DA:4,2
DA:6,2
DA:7,2
DA:8,2
DA:9,2
DA:11,2
LF:9
LH:9
BRF:0
BRH:0
end_of_record
TN:
SF:routers\overtimeRouter.js
FNF:0
FNH:0
DA:1,2
DA:2,2
DA:3,2
DA:4,2
DA:6,2
DA:7,2
DA:8,2
DA:9,2
DA:11,2
LF:9
LH:9
BRF:0
BRH:0
end_of_record
TN:
SF:routers\userRouter.js
FNF:0
FNH:0
DA:1,2
DA:2,2
DA:3,2
DA:5,2
DA:6,2
DA:7,2
DA:9,2
LF:7
LH:7
BRF:0
BRH:0
end_of_record
